<?xml version="1.0" encoding="UTF-8"?>
<!-- Generated by org.testng.reporters.JUnitXMLReporter -->
<testsuite hostname="DESKTOP-3KOFTQI" ignored="0" name="Default test" tests="3" failures="0" timestamp="08 Apr 2020 08:53:17 GMT" time="48.203" errors="0">
  <testcase name="basePageNavigation" time="16.511" classname="acadmy.HomePage"/>
  <testcase name="basePageNavigation" time="11.553" classname="acadmy.HomePage"/>
  <testcase name="basePageNavigation" time="9.58" classname="acadmy.HomePage"/>
</testsuite> <!-- Default test -->
