<?xml version="1.0" encoding="UTF-8"?>
<testng-results skipped="0" failed="0" ignored="0" total="1" passed="1">
  <reporter-output>
  </reporter-output>
  <suite name="Suite" duration-ms="110204" started-at="2020-04-21T15:59:51 IST" finished-at="2020-04-21T16:01:41 IST">
    <groups>
      <group name="cucumber">
        <method signature="AbstractTestNGCucumberTests.feature(cucumber.api.testng.CucumberFeatureWrapper)[pri:0, instance:testRunner.TestRunner@2173f6d9]" name="feature" class="cucumber.api.testng.AbstractTestNGCucumberTests"/>
      </group> <!-- cucumber -->
    </groups>
    <test name="Test1" duration-ms="110204" started-at="2020-04-21T15:59:51 IST" finished-at="2020-04-21T16:01:41 IST">
      <class name="testRunner.TestRunner">
        <test-method status="PASS" signature="setUpClass()[pri:0, instance:testRunner.TestRunner@2173f6d9]" name="setUpClass" is-config="true" duration-ms="355" started-at="2020-04-21T15:59:51 IST" finished-at="2020-04-21T15:59:52 IST">
          <reporter-output>
          </reporter-output>
        </test-method> <!-- setUpClass -->
        <test-method status="PASS" signature="feature(cucumber.api.testng.CucumberFeatureWrapper)[pri:0, instance:testRunner.TestRunner@2173f6d9]" name="feature" duration-ms="109377" started-at="2020-04-21T15:59:52 IST" description="Runs Cucumber Feature" data-provider="features" finished-at="2020-04-21T16:01:41 IST">
          <params>
            <param index="0">
              <value>
                <![CDATA[Application Login]]>
              </value>
            </param>
          </params>
          <reporter-output>
          </reporter-output>
        </test-method> <!-- feature -->
        <test-method status="PASS" signature="tearDownClass()[pri:0, instance:testRunner.TestRunner@2173f6d9]" name="tearDownClass" is-config="true" duration-ms="262" started-at="2020-04-21T16:01:41 IST" finished-at="2020-04-21T16:01:41 IST">
          <reporter-output>
          </reporter-output>
        </test-method> <!-- tearDownClass -->
      </class> <!-- testRunner.TestRunner -->
    </test> <!-- Test1 -->
  </suite> <!-- Suite -->
</testng-results>
